<?xml version="1.0" encoding="UTF-8"?>
<testng-results ignored="0" total="16" passed="12" failed="4" skipped="0">
  <reporter-output>
  </reporter-output>
  <suite started-at="2023-03-10T19:00:25 EET" name="full" finished-at="2023-03-10T19:00:27 EET" duration-ms="2105">
    <groups>
      <group name="negative">
        <method signature="AuthenticationServiceTest.testAuthenticationWithInvalidEmail()[pri:0, instance:net.absoft.AuthenticationServiceTest@4218d6a3, instance params:[]]" name="testAuthenticationWithInvalidEmail" class="net.absoft.AuthenticationServiceTest"/>
        <method signature="AuthenticationServiceTest.testAuthenticationWithInvalidEmail()[pri:0, instance:net.absoft.AuthenticationServiceTest@76505305, instance params:[]]" name="testAuthenticationWithInvalidEmail" class="net.absoft.AuthenticationServiceTest"/>
        <method signature="AuthenticationServiceTest.testInvalidAuthentication(java.lang.String,java.lang.String,net.absoft.data.Response)[pri:0, instance:net.absoft.AuthenticationServiceTest@4218d6a3, instance params:[]]" name="testInvalidAuthentication" class="net.absoft.AuthenticationServiceTest"/>
        <method signature="AuthenticationServiceTest.testInvalidAuthentication(java.lang.String,java.lang.String,net.absoft.data.Response)[pri:0, instance:net.absoft.AuthenticationServiceTest@76505305, instance params:[]]" name="testInvalidAuthentication" class="net.absoft.AuthenticationServiceTest"/>
        <method signature="AuthenticationServiceTest.testAuthenticationWithEmptyPassword()[pri:2, instance:net.absoft.AuthenticationServiceTest@4218d6a3, instance params:[]]" name="testAuthenticationWithEmptyPassword" class="net.absoft.AuthenticationServiceTest"/>
        <method signature="AuthenticationServiceTest.testAuthenticationWithEmptyPassword()[pri:2, instance:net.absoft.AuthenticationServiceTest@76505305, instance params:[]]" name="testAuthenticationWithEmptyPassword" class="net.absoft.AuthenticationServiceTest"/>
        <method signature="AuthenticationServiceTest.testAuthenticationWithEmptyEmail()[pri:3, instance:net.absoft.AuthenticationServiceTest@4218d6a3, instance params:[]]" name="testAuthenticationWithEmptyEmail" class="net.absoft.AuthenticationServiceTest"/>
        <method signature="AuthenticationServiceTest.testAuthenticationWithEmptyEmail()[pri:3, instance:net.absoft.AuthenticationServiceTest@76505305, instance params:[]]" name="testAuthenticationWithEmptyEmail" class="net.absoft.AuthenticationServiceTest"/>
      </group> <!-- negative -->
      <group name="positive">
        <method signature="AuthenticationServiceTest.testSample()[pri:0, instance:net.absoft.AuthenticationServiceTest@4218d6a3, instance params:[]]" name="testSample" class="net.absoft.AuthenticationServiceTest"/>
        <method signature="AuthenticationServiceTest.testSample()[pri:0, instance:net.absoft.AuthenticationServiceTest@76505305, instance params:[]]" name="testSample" class="net.absoft.AuthenticationServiceTest"/>
        <method signature="AuthenticationServiceTest.testSuccessfulAuthentication(java.lang.String,java.lang.String)[pri:0, instance:net.absoft.AuthenticationServiceTest@4218d6a3, instance params:[]]" name="testSuccessfulAuthentication" class="net.absoft.AuthenticationServiceTest"/>
        <method signature="AuthenticationServiceTest.testSuccessfulAuthentication(java.lang.String,java.lang.String)[pri:0, instance:net.absoft.AuthenticationServiceTest@76505305, instance params:[]]" name="testSuccessfulAuthentication" class="net.absoft.AuthenticationServiceTest"/>
        <method signature="AuthenticationServiceTest.testSuccessfulAuthenticationWithDifferentCaseinPassword()[pri:0, instance:net.absoft.AuthenticationServiceTest@4218d6a3, instance params:[]]" name="testSuccessfulAuthenticationWithDifferentCaseinPassword" class="net.absoft.AuthenticationServiceTest"/>
        <method signature="AuthenticationServiceTest.testSuccessfulAuthenticationWithDifferentCaseinPassword()[pri:0, instance:net.absoft.AuthenticationServiceTest@76505305, instance params:[]]" name="testSuccessfulAuthenticationWithDifferentCaseinPassword" class="net.absoft.AuthenticationServiceTest"/>
        <method signature="AuthenticationServiceTest.testSuccessfulAuthenticationWithUnderscore()[pri:0, instance:net.absoft.AuthenticationServiceTest@4218d6a3, instance params:[]]" name="testSuccessfulAuthenticationWithUnderscore" class="net.absoft.AuthenticationServiceTest"/>
        <method signature="AuthenticationServiceTest.testSuccessfulAuthenticationWithUnderscore()[pri:0, instance:net.absoft.AuthenticationServiceTest@76505305, instance params:[]]" name="testSuccessfulAuthenticationWithUnderscore" class="net.absoft.AuthenticationServiceTest"/>
      </group> <!-- positive -->
    </groups>
    <test started-at="2023-03-10T19:00:25 EET" name="AuthServiceTest" finished-at="2023-03-10T19:00:27 EET" duration-ms="2105">
      <class name="net.absoft.AuthenticationServiceTest">
        <test-method is-config="true" signature="setUp()[pri:0, instance:net.absoft.AuthenticationServiceTest@4218d6a3, instance params:[]]" started-at="2023-03-10T19:00:25 EET" name="setUp" finished-at="2023-03-10T19:00:25 EET" duration-ms="8" status="PASS">
          <reporter-output>
          </reporter-output>
        </test-method> <!-- setUp -->
        <test-method is-config="true" signature="setUp()[pri:0, instance:net.absoft.AuthenticationServiceTest@76505305, instance params:[]]" started-at="2023-03-10T19:00:25 EET" name="setUp" finished-at="2023-03-10T19:00:25 EET" duration-ms="8" status="PASS">
          <reporter-output>
          </reporter-output>
        </test-method> <!-- setUp -->
        <test-method signature="testAuthenticationWithEmptyEmail()[pri:3, instance:net.absoft.AuthenticationServiceTest@4218d6a3, instance params:[]]" started-at="2023-03-10T19:00:25 EET" name="testAuthenticationWithEmptyEmail" description="Updated descriptions:testAuthenticationWithEmptyEmail" data-provider="invalidlogins" finished-at="2023-03-10T19:00:25 EET" duration-ms="25" status="FAIL">
          <exception class="org.testng.internal.reflect.MethodMatcherException">
            <message>
              <![CDATA[
[public void net.absoft.AuthenticationServiceTest.testAuthenticationWithEmptyEmail()] has no parameters defined but was found to be using a data provider (either explicitly specified or inherited from class level annotation).
Data provider mismatch
Method: testAuthenticationWithEmptyEmail([])
Arguments: [(java.lang.String) user1@test.com,(java.lang.String) wrong_password,(net.absoft.data.Response) Response{code=401, message='Invalid email or password'}]]]>
            </message>
            <full-stacktrace>
              <![CDATA[org.testng.internal.reflect.MethodMatcherException: 
[public void net.absoft.AuthenticationServiceTest.testAuthenticationWithEmptyEmail()] has no parameters defined but was found to be using a data provider (either explicitly specified or inherited from class level annotation).
Data provider mismatch
Method: testAuthenticationWithEmptyEmail([])
Arguments: [(java.lang.String) user1@test.com,(java.lang.String) wrong_password,(net.absoft.data.Response) Response{code=401, message='Invalid email or password'}]
at org.testng.internal.reflect.DataProviderMethodMatcher.getConformingArguments(DataProviderMethodMatcher.java:46)
at org.testng.internal.Parameters.injectParameters(Parameters.java:886)
at org.testng.internal.invokers.MethodRunner.runInParallel(MethodRunner.java:107)
at org.testng.internal.invokers.TestInvoker$MethodInvocationAgent.invoke(TestInvoker.java:934)
at org.testng.internal.invokers.TestInvoker.invokeTestMethods(TestInvoker.java:193)
at org.testng.internal.invokers.TestMethodWorker.invokeTestMethods(TestMethodWorker.java:146)
at org.testng.internal.invokers.TestMethodWorker.run(TestMethodWorker.java:128)
at java.base/java.util.concurrent.ThreadPoolExecutor.runWorker(ThreadPoolExecutor.java:1128)
at java.base/java.util.concurrent.ThreadPoolExecutor$Worker.run(ThreadPoolExecutor.java:628)
at java.base/java.lang.Thread.run(Thread.java:834)
]]>
            </full-stacktrace>
          </exception> <!-- org.testng.internal.reflect.MethodMatcherException -->
          <reporter-output>
          </reporter-output>
        </test-method> <!-- testAuthenticationWithEmptyEmail -->
        <test-method signature="testInvalidAuthentication(java.lang.String,java.lang.String,net.absoft.data.Response)[pri:0, instance:net.absoft.AuthenticationServiceTest@76505305, instance params:[]]" started-at="2023-03-10T19:00:25 EET" name="testInvalidAuthentication" description="Updated descriptions:testInvalidAuthentication" finished-at="2023-03-10T19:00:25 EET" duration-ms="0" status="FAIL">
          <exception class="org.testng.TestNGException">
            <message>
              <![CDATA[
Cannot inject @Test annotated Method [testInvalidAuthentication] with [class java.lang.String, class java.lang.String, class net.absoft.data.Response].
For more information on native dependency injection please refer to https://testng.org/doc/documentation-main.html#native-dependency-injection]]>
            </message>
            <full-stacktrace>
              <![CDATA[org.testng.TestNGException: 
Cannot inject @Test annotated Method [testInvalidAuthentication] with [class java.lang.String, class java.lang.String, class net.absoft.data.Response].
For more information on native dependency injection please refer to https://testng.org/doc/documentation-main.html#native-dependency-injection
at org.testng.internal.Parameters.checkParameterTypes(Parameters.java:436)
at org.testng.internal.Parameters.createParametersForMethod(Parameters.java:350)
at org.testng.internal.Parameters.createParameters(Parameters.java:669)
at org.testng.internal.Parameters.handleParameters(Parameters.java:856)
at org.testng.internal.Parameters.handleParameters(Parameters.java:704)
at org.testng.internal.invokers.ParameterHandler.handleParameters(ParameterHandler.java:70)
at org.testng.internal.invokers.ParameterHandler.createParameters(ParameterHandler.java:49)
at org.testng.internal.invokers.TestInvoker$MethodInvocationAgent.invoke(TestInvoker.java:904)
at org.testng.internal.invokers.TestInvoker.invokeTestMethods(TestInvoker.java:193)
at org.testng.internal.invokers.TestMethodWorker.invokeTestMethods(TestMethodWorker.java:146)
at org.testng.internal.invokers.TestMethodWorker.run(TestMethodWorker.java:128)
at java.base/java.util.concurrent.ThreadPoolExecutor.runWorker(ThreadPoolExecutor.java:1128)
at java.base/java.util.concurrent.ThreadPoolExecutor$Worker.run(ThreadPoolExecutor.java:628)
at java.base/java.lang.Thread.run(Thread.java:834)
]]>
            </full-stacktrace>
          </exception> <!-- org.testng.TestNGException -->
          <reporter-output>
          </reporter-output>
        </test-method> <!-- testInvalidAuthentication -->
        <test-method signature="testInvalidAuthentication(java.lang.String,java.lang.String,net.absoft.data.Response)[pri:0, instance:net.absoft.AuthenticationServiceTest@4218d6a3, instance params:[]]" started-at="2023-03-10T19:00:25 EET" name="testInvalidAuthentication" description="Updated descriptions:testInvalidAuthentication" finished-at="2023-03-10T19:00:25 EET" duration-ms="0" status="FAIL">
          <exception class="org.testng.TestNGException">
            <message>
              <![CDATA[
Cannot inject @Test annotated Method [testInvalidAuthentication] with [class java.lang.String, class java.lang.String, class net.absoft.data.Response].
For more information on native dependency injection please refer to https://testng.org/doc/documentation-main.html#native-dependency-injection]]>
            </message>
            <full-stacktrace>
              <![CDATA[org.testng.TestNGException: 
Cannot inject @Test annotated Method [testInvalidAuthentication] with [class java.lang.String, class java.lang.String, class net.absoft.data.Response].
For more information on native dependency injection please refer to https://testng.org/doc/documentation-main.html#native-dependency-injection
at org.testng.internal.Parameters.checkParameterTypes(Parameters.java:436)
at org.testng.internal.Parameters.createParametersForMethod(Parameters.java:350)
at org.testng.internal.Parameters.createParameters(Parameters.java:669)
at org.testng.internal.Parameters.handleParameters(Parameters.java:856)
at org.testng.internal.Parameters.handleParameters(Parameters.java:704)
at org.testng.internal.invokers.ParameterHandler.handleParameters(ParameterHandler.java:70)
at org.testng.internal.invokers.ParameterHandler.createParameters(ParameterHandler.java:49)
at org.testng.internal.invokers.TestInvoker$MethodInvocationAgent.invoke(TestInvoker.java:904)
at org.testng.internal.invokers.TestInvoker.invokeTestMethods(TestInvoker.java:193)
at org.testng.internal.invokers.TestMethodWorker.invokeTestMethods(TestMethodWorker.java:146)
at org.testng.internal.invokers.TestMethodWorker.run(TestMethodWorker.java:128)
at java.base/java.util.concurrent.ThreadPoolExecutor.runWorker(ThreadPoolExecutor.java:1128)
at java.base/java.util.concurrent.ThreadPoolExecutor$Worker.run(ThreadPoolExecutor.java:628)
at java.base/java.lang.Thread.run(Thread.java:834)
]]>
            </full-stacktrace>
          </exception> <!-- org.testng.TestNGException -->
          <reporter-output>
          </reporter-output>
        </test-method> <!-- testInvalidAuthentication -->
        <test-method signature="testAuthenticationWithEmptyEmail()[pri:3, instance:net.absoft.AuthenticationServiceTest@76505305, instance params:[]]" started-at="2023-03-10T19:00:25 EET" name="testAuthenticationWithEmptyEmail" description="Updated descriptions:testAuthenticationWithEmptyEmail" data-provider="invalidlogins" finished-at="2023-03-10T19:00:25 EET" duration-ms="14" status="FAIL">
          <exception class="org.testng.internal.reflect.MethodMatcherException">
            <message>
              <![CDATA[
[public void net.absoft.AuthenticationServiceTest.testAuthenticationWithEmptyEmail()] has no parameters defined but was found to be using a data provider (either explicitly specified or inherited from class level annotation).
Data provider mismatch
Method: testAuthenticationWithEmptyEmail([])
Arguments: [(java.lang.String) user1@test.com,(java.lang.String) wrong_password,(net.absoft.data.Response) Response{code=401, message='Invalid email or password'}]]]>
            </message>
            <full-stacktrace>
              <![CDATA[org.testng.internal.reflect.MethodMatcherException: 
[public void net.absoft.AuthenticationServiceTest.testAuthenticationWithEmptyEmail()] has no parameters defined but was found to be using a data provider (either explicitly specified or inherited from class level annotation).
Data provider mismatch
Method: testAuthenticationWithEmptyEmail([])
Arguments: [(java.lang.String) user1@test.com,(java.lang.String) wrong_password,(net.absoft.data.Response) Response{code=401, message='Invalid email or password'}]
at org.testng.internal.reflect.DataProviderMethodMatcher.getConformingArguments(DataProviderMethodMatcher.java:46)
at org.testng.internal.Parameters.injectParameters(Parameters.java:886)
at org.testng.internal.invokers.MethodRunner.runInParallel(MethodRunner.java:107)
at org.testng.internal.invokers.TestInvoker$MethodInvocationAgent.invoke(TestInvoker.java:934)
at org.testng.internal.invokers.TestInvoker.invokeTestMethods(TestInvoker.java:193)
at org.testng.internal.invokers.TestMethodWorker.invokeTestMethods(TestMethodWorker.java:146)
at org.testng.internal.invokers.TestMethodWorker.run(TestMethodWorker.java:128)
at java.base/java.util.concurrent.ThreadPoolExecutor.runWorker(ThreadPoolExecutor.java:1128)
at java.base/java.util.concurrent.ThreadPoolExecutor$Worker.run(ThreadPoolExecutor.java:628)
at java.base/java.lang.Thread.run(Thread.java:834)
]]>
            </full-stacktrace>
          </exception> <!-- org.testng.internal.reflect.MethodMatcherException -->
          <reporter-output>
          </reporter-output>
        </test-method> <!-- testAuthenticationWithEmptyEmail -->
        <test-method is-config="true" signature="baseSetUp()[pri:0, instance:net.absoft.AuthenticationServiceTest@76505305, instance params:[]]" started-at="2023-03-10T19:00:25 EET" name="baseSetUp" finished-at="2023-03-10T19:00:25 EET" duration-ms="2" status="PASS">
          <reporter-output>
          </reporter-output>
        </test-method> <!-- baseSetUp -->
        <test-method is-config="true" signature="baseSetUp()[pri:0, instance:net.absoft.AuthenticationServiceTest@76505305, instance params:[]]" started-at="2023-03-10T19:00:25 EET" name="baseSetUp" finished-at="2023-03-10T19:00:25 EET" duration-ms="2" status="PASS">
          <reporter-output>
          </reporter-output>
        </test-method> <!-- baseSetUp -->
        <test-method is-config="true" signature="baseSetUp()[pri:0, instance:net.absoft.AuthenticationServiceTest@76505305, instance params:[]]" started-at="2023-03-10T19:00:25 EET" name="baseSetUp" finished-at="2023-03-10T19:00:25 EET" duration-ms="0" status="PASS">
          <reporter-output>
          </reporter-output>
        </test-method> <!-- baseSetUp -->
        <test-method signature="testAuthenticationWithInvalidEmail()[pri:0, instance:net.absoft.AuthenticationServiceTest@4218d6a3, instance params:[]]" started-at="2023-03-10T19:00:25 EET" name="testAuthenticationWithInvalidEmail" description="Updated descriptions:testAuthenticationWithInvalidEmail" finished-at="2023-03-10T19:00:25 EET" duration-ms="9" status="PASS">
          <reporter-output>
          </reporter-output>
        </test-method> <!-- testAuthenticationWithInvalidEmail -->
        <test-method signature="testSample()[pri:0, instance:net.absoft.AuthenticationServiceTest@76505305, instance params:[]]" started-at="2023-03-10T19:00:25 EET" name="testSample" description="Updated descriptions:testSample" finished-at="2023-03-10T19:00:27 EET" duration-ms="2026" status="PASS">
          <reporter-output>
          </reporter-output>
        </test-method> <!-- testSample -->
        <test-method signature="testSample()[pri:0, instance:net.absoft.AuthenticationServiceTest@4218d6a3, instance params:[]]" started-at="2023-03-10T19:00:25 EET" name="testSample" description="Updated descriptions:testSample" finished-at="2023-03-10T19:00:27 EET" duration-ms="2026" status="PASS">
          <reporter-output>
          </reporter-output>
        </test-method> <!-- testSample -->
        <test-method is-config="true" signature="baseSetUp()[pri:0, instance:net.absoft.AuthenticationServiceTest@76505305, instance params:[]]" started-at="2023-03-10T19:00:25 EET" name="baseSetUp" finished-at="2023-03-10T19:00:25 EET" duration-ms="1" status="PASS">
          <reporter-output>
          </reporter-output>
        </test-method> <!-- baseSetUp -->
        <test-method is-config="true" signature="baseSetUp()[pri:0, instance:net.absoft.AuthenticationServiceTest@76505305, instance params:[]]" started-at="2023-03-10T19:00:25 EET" name="baseSetUp" finished-at="2023-03-10T19:00:25 EET" duration-ms="1" status="PASS">
          <reporter-output>
          </reporter-output>
        </test-method> <!-- baseSetUp -->
        <test-method signature="testAuthenticationWithInvalidEmail()[pri:0, instance:net.absoft.AuthenticationServiceTest@76505305, instance params:[]]" started-at="2023-03-10T19:00:25 EET" name="testAuthenticationWithInvalidEmail" description="Updated descriptions:testAuthenticationWithInvalidEmail" finished-at="2023-03-10T19:00:25 EET" duration-ms="0" status="PASS">
          <reporter-output>
          </reporter-output>
        </test-method> <!-- testAuthenticationWithInvalidEmail -->
        <test-method signature="testSuccessfulAuthenticationWithUnderscore()[pri:0, instance:net.absoft.AuthenticationServiceTest@4218d6a3, instance params:[]]" started-at="2023-03-10T19:00:25 EET" name="testSuccessfulAuthenticationWithUnderscore" description="Updated descriptions:testSuccessfulAuthenticationWithUnderscore" finished-at="2023-03-10T19:00:25 EET" duration-ms="5" status="PASS">
          <reporter-output>
          </reporter-output>
        </test-method> <!-- testSuccessfulAuthenticationWithUnderscore -->
        <test-method is-config="true" signature="baseTearDown()[pri:0, instance:net.absoft.AuthenticationServiceTest@76505305, instance params:[]]" started-at="2023-03-10T19:00:25 EET" name="baseTearDown" finished-at="2023-03-10T19:00:25 EET" duration-ms="1" status="PASS">
          <reporter-output>
          </reporter-output>
        </test-method> <!-- baseTearDown -->
        <test-method is-config="true" signature="baseTearDown()[pri:0, instance:net.absoft.AuthenticationServiceTest@76505305, instance params:[]]" started-at="2023-03-10T19:00:25 EET" name="baseTearDown" finished-at="2023-03-10T19:00:25 EET" duration-ms="2" status="PASS">
          <reporter-output>
          </reporter-output>
        </test-method> <!-- baseTearDown -->
        <test-method is-config="true" signature="baseTearDown()[pri:0, instance:net.absoft.AuthenticationServiceTest@76505305, instance params:[]]" started-at="2023-03-10T19:00:25 EET" name="baseTearDown" finished-at="2023-03-10T19:00:25 EET" duration-ms="1" status="PASS">
          <reporter-output>
          </reporter-output>
        </test-method> <!-- baseTearDown -->
        <test-method is-config="true" signature="baseSetUp()[pri:0, instance:net.absoft.AuthenticationServiceTest@76505305, instance params:[]]" started-at="2023-03-10T19:00:25 EET" name="baseSetUp" finished-at="2023-03-10T19:00:25 EET" duration-ms="1" status="PASS">
          <reporter-output>
          </reporter-output>
        </test-method> <!-- baseSetUp -->
        <test-method is-config="true" signature="baseSetUp()[pri:0, instance:net.absoft.AuthenticationServiceTest@76505305, instance params:[]]" started-at="2023-03-10T19:00:25 EET" name="baseSetUp" finished-at="2023-03-10T19:00:25 EET" duration-ms="0" status="PASS">
          <reporter-output>
          </reporter-output>
        </test-method> <!-- baseSetUp -->
        <test-method signature="testAuthenticationWithEmptyPassword()[pri:2, instance:net.absoft.AuthenticationServiceTest@76505305, instance params:[]]" started-at="2023-03-10T19:00:25 EET" name="testAuthenticationWithEmptyPassword" description="Updated descriptions:testAuthenticationWithEmptyPassword" finished-at="2023-03-10T19:00:25 EET" depends-on-methods="net.absoft.AuthenticationServiceTest.testAuthenticationWithInvalidEmail" duration-ms="2" status="PASS">
          <reporter-output>
          </reporter-output>
        </test-method> <!-- testAuthenticationWithEmptyPassword -->
        <test-method signature="testSuccessfulAuthenticationWithUnderscore()[pri:0, instance:net.absoft.AuthenticationServiceTest@76505305, instance params:[]]" started-at="2023-03-10T19:00:25 EET" name="testSuccessfulAuthenticationWithUnderscore" description="Updated descriptions:testSuccessfulAuthenticationWithUnderscore" finished-at="2023-03-10T19:00:25 EET" duration-ms="1" status="PASS">
          <reporter-output>
          </reporter-output>
        </test-method> <!-- testSuccessfulAuthenticationWithUnderscore -->
        <test-method is-config="true" signature="baseSetUp()[pri:0, instance:net.absoft.AuthenticationServiceTest@76505305, instance params:[]]" started-at="2023-03-10T19:00:25 EET" name="baseSetUp" finished-at="2023-03-10T19:00:25 EET" duration-ms="0" status="PASS">
          <reporter-output>
          </reporter-output>
        </test-method> <!-- baseSetUp -->
        <test-method signature="testAuthenticationWithEmptyPassword()[pri:2, instance:net.absoft.AuthenticationServiceTest@4218d6a3, instance params:[]]" started-at="2023-03-10T19:00:25 EET" name="testAuthenticationWithEmptyPassword" description="Updated descriptions:testAuthenticationWithEmptyPassword" finished-at="2023-03-10T19:00:25 EET" depends-on-methods="net.absoft.AuthenticationServiceTest.testAuthenticationWithInvalidEmail" duration-ms="1" status="PASS">
          <reporter-output>
          </reporter-output>
        </test-method> <!-- testAuthenticationWithEmptyPassword -->
        <test-method is-config="true" signature="baseTearDown()[pri:0, instance:net.absoft.AuthenticationServiceTest@76505305, instance params:[]]" started-at="2023-03-10T19:00:25 EET" name="baseTearDown" finished-at="2023-03-10T19:00:25 EET" duration-ms="1" status="PASS">
          <reporter-output>
          </reporter-output>
        </test-method> <!-- baseTearDown -->
        <test-method is-config="true" signature="baseTearDown()[pri:0, instance:net.absoft.AuthenticationServiceTest@76505305, instance params:[]]" started-at="2023-03-10T19:00:25 EET" name="baseTearDown" finished-at="2023-03-10T19:00:25 EET" duration-ms="1" status="PASS">
          <reporter-output>
          </reporter-output>
        </test-method> <!-- baseTearDown -->
        <test-method is-config="true" signature="baseTearDown()[pri:0, instance:net.absoft.AuthenticationServiceTest@76505305, instance params:[]]" started-at="2023-03-10T19:00:25 EET" name="baseTearDown" finished-at="2023-03-10T19:00:25 EET" duration-ms="1" status="PASS">
          <reporter-output>
          </reporter-output>
        </test-method> <!-- baseTearDown -->
        <test-method signature="testSuccessfulAuthenticationWithDifferentCaseinPassword()[pri:0, instance:net.absoft.AuthenticationServiceTest@76505305, instance params:[]]" started-at="2023-03-10T19:00:25 EET" name="testSuccessfulAuthenticationWithDifferentCaseinPassword" description="Updated descriptions:testSuccessfulAuthenticationWithDifferentCaseinPassword" finished-at="2023-03-10T19:00:25 EET" duration-ms="2" status="PASS">
          <reporter-output>
          </reporter-output>
        </test-method> <!-- testSuccessfulAuthenticationWithDifferentCaseinPassword -->
        <test-method is-config="true" signature="baseSetUp()[pri:0, instance:net.absoft.AuthenticationServiceTest@76505305, instance params:[]]" started-at="2023-03-10T19:00:25 EET" name="baseSetUp" finished-at="2023-03-10T19:00:25 EET" duration-ms="0" status="PASS">
          <reporter-output>
          </reporter-output>
        </test-method> <!-- baseSetUp -->
        <test-method is-config="true" signature="baseTearDown()[pri:0, instance:net.absoft.AuthenticationServiceTest@76505305, instance params:[]]" started-at="2023-03-10T19:00:25 EET" name="baseTearDown" finished-at="2023-03-10T19:00:25 EET" duration-ms="1" status="PASS">
          <reporter-output>
          </reporter-output>
        </test-method> <!-- baseTearDown -->
        <test-method is-config="true" signature="baseSetUp()[pri:0, instance:net.absoft.AuthenticationServiceTest@76505305, instance params:[]]" started-at="2023-03-10T19:00:25 EET" name="baseSetUp" finished-at="2023-03-10T19:00:25 EET" duration-ms="0" status="PASS">
          <reporter-output>
          </reporter-output>
        </test-method> <!-- baseSetUp -->
        <test-method is-config="true" signature="baseTearDown()[pri:0, instance:net.absoft.AuthenticationServiceTest@76505305, instance params:[]]" started-at="2023-03-10T19:00:25 EET" name="baseTearDown" finished-at="2023-03-10T19:00:25 EET" duration-ms="1" status="PASS">
          <reporter-output>
          </reporter-output>
        </test-method> <!-- baseTearDown -->
        <test-method signature="testSuccessfulAuthenticationWithDifferentCaseinPassword()[pri:0, instance:net.absoft.AuthenticationServiceTest@4218d6a3, instance params:[]]" started-at="2023-03-10T19:00:25 EET" name="testSuccessfulAuthenticationWithDifferentCaseinPassword" description="Updated descriptions:testSuccessfulAuthenticationWithDifferentCaseinPassword" finished-at="2023-03-10T19:00:25 EET" duration-ms="0" status="PASS">
          <reporter-output>
          </reporter-output>
        </test-method> <!-- testSuccessfulAuthenticationWithDifferentCaseinPassword -->
        <test-method is-config="true" signature="baseSetUp()[pri:0, instance:net.absoft.AuthenticationServiceTest@76505305, instance params:[]]" started-at="2023-03-10T19:00:25 EET" name="baseSetUp" finished-at="2023-03-10T19:00:25 EET" duration-ms="0" status="PASS">
          <reporter-output>
          </reporter-output>
        </test-method> <!-- baseSetUp -->
        <test-method signature="testSuccessfulAuthentication(java.lang.String,java.lang.String)[pri:0, instance:net.absoft.AuthenticationServiceTest@4218d6a3, instance params:[]]" started-at="2023-03-10T19:00:25 EET" name="testSuccessfulAuthentication" description="Updated descriptions:testSuccessfulAuthentication" finished-at="2023-03-10T19:00:27 EET" duration-ms="2013" status="PASS">
          <params>
            <param index="0">
              <value>
                <![CDATA[user1@test.com]]>
              </value>
            </param>
            <param index="1">
              <value>
                <![CDATA[password1]]>
              </value>
            </param>
          </params>
          <reporter-output>
          </reporter-output>
        </test-method> <!-- testSuccessfulAuthentication -->
        <test-method signature="testSuccessfulAuthentication(java.lang.String,java.lang.String)[pri:0, instance:net.absoft.AuthenticationServiceTest@76505305, instance params:[]]" started-at="2023-03-10T19:00:25 EET" name="testSuccessfulAuthentication" description="Updated descriptions:testSuccessfulAuthentication" finished-at="2023-03-10T19:00:27 EET" duration-ms="2013" status="PASS">
          <params>
            <param index="0">
              <value>
                <![CDATA[user1@test.com]]>
              </value>
            </param>
            <param index="1">
              <value>
                <![CDATA[password1]]>
              </value>
            </param>
          </params>
          <reporter-output>
          </reporter-output>
        </test-method> <!-- testSuccessfulAuthentication -->
        <test-method is-config="true" signature="baseSetUp()[pri:0, instance:net.absoft.AuthenticationServiceTest@76505305, instance params:[]]" started-at="2023-03-10T19:00:25 EET" name="baseSetUp" finished-at="2023-03-10T19:00:25 EET" duration-ms="0" status="PASS">
          <reporter-output>
          </reporter-output>
        </test-method> <!-- baseSetUp -->
        <test-method is-config="true" signature="baseTearDown()[pri:0, instance:net.absoft.AuthenticationServiceTest@76505305, instance params:[]]" started-at="2023-03-10T19:00:27 EET" name="baseTearDown" finished-at="2023-03-10T19:00:27 EET" duration-ms="0" status="PASS">
          <reporter-output>
          </reporter-output>
        </test-method> <!-- baseTearDown -->
        <test-method is-config="true" signature="baseTearDown()[pri:0, instance:net.absoft.AuthenticationServiceTest@76505305, instance params:[]]" started-at="2023-03-10T19:00:27 EET" name="baseTearDown" finished-at="2023-03-10T19:00:27 EET" duration-ms="0" status="PASS">
          <reporter-output>
          </reporter-output>
        </test-method> <!-- baseTearDown -->
        <test-method is-config="true" signature="baseTearDown()[pri:0, instance:net.absoft.AuthenticationServiceTest@76505305, instance params:[]]" started-at="2023-03-10T19:00:27 EET" name="baseTearDown" finished-at="2023-03-10T19:00:27 EET" duration-ms="0" status="PASS">
          <reporter-output>
          </reporter-output>
        </test-method> <!-- baseTearDown -->
        <test-method is-config="true" signature="baseTearDown()[pri:0, instance:net.absoft.AuthenticationServiceTest@76505305, instance params:[]]" started-at="2023-03-10T19:00:27 EET" name="baseTearDown" finished-at="2023-03-10T19:00:27 EET" duration-ms="0" status="PASS">
          <reporter-output>
          </reporter-output>
        </test-method> <!-- baseTearDown -->
      </class> <!-- net.absoft.AuthenticationServiceTest -->
    </test> <!-- AuthServiceTest -->
  </suite> <!-- full -->
</testng-results>
